Copyright 1986-2022 Xilinx, Inc. All Rights Reserved. Copyright 2022-2023 Advanced Micro Devices, Inc. All Rights Reserved.
---------------------------------------------------------------------------------------------------------------------------------------------
| Tool Version : Vivado v.2023.2 (win64) Build 4029153 Fri Oct 13 20:14:34 MDT 2023
| Date         : Wed Apr  2 03:20:04 2025
| Host         : Tony_LOQ running 64-bit major release  (build 9200)
| Command      : report_control_sets -verbose -file traffic_light_controller_control_sets_placed.rpt
| Design       : traffic_light_controller
| Device       : xc7a35t
---------------------------------------------------------------------------------------------------------------------------------------------

Control Set Information

Table of Contents
-----------------
1. Summary
2. Histogram
3. Flip-Flop Distribution
4. Detailed Control Set Information

1. Summary
----------

+----------------------------------------------------------+-------+
|                          Status                          | Count |
+----------------------------------------------------------+-------+
| Total control sets                                       |     5 |
|    Minimum number of control sets                        |     5 |
|    Addition due to synthesis replication                 |     0 |
|    Addition due to physical synthesis replication        |     0 |
| Unused register locations in slices containing registers |    23 |
+----------------------------------------------------------+-------+
* Control sets can be merged at opt_design using control_set_merge or merge_equivalent_drivers
** Run report_qor_suggestions for automated merging and remapping suggestions


2. Histogram
------------

+--------------------+-------+
|       Fanout       | Count |
+--------------------+-------+
| Total control sets |     5 |
| >= 0 to < 4        |     2 |
| >= 4 to < 6        |     1 |
| >= 6 to < 8        |     0 |
| >= 8 to < 10       |     0 |
| >= 10 to < 12      |     0 |
| >= 12 to < 14      |     0 |
| >= 14 to < 16      |     0 |
| >= 16              |     2 |
+--------------------+-------+
* Control sets can be remapped at either synth_design or opt_design


3. Flip-Flop Distribution
-------------------------

+--------------+-----------------------+------------------------+-----------------+--------------+
| Clock Enable | Synchronous Set/Reset | Asynchronous Set/Reset | Total Registers | Total Slices |
+--------------+-----------------------+------------------------+-----------------+--------------+
| No           | No                    | No                     |              20 |            5 |
| No           | No                    | Yes                    |              30 |            9 |
| No           | Yes                   | No                     |               0 |            0 |
| Yes          | No                    | No                     |               2 |            1 |
| Yes          | No                    | Yes                    |               5 |            3 |
| Yes          | Yes                   | No                     |               0 |            0 |
+--------------+-----------------------+------------------------+-----------------+--------------+


4. Detailed Control Set Information
-----------------------------------

+----------------+--------------------------------------+------------------+------------------+----------------+--------------+
|  Clock Signal  |             Enable Signal            | Set/Reset Signal | Slice Load Count | Bel Load Count | Bels / Slice |
+----------------+--------------------------------------+------------------+------------------+----------------+--------------+
|  clk_div/CLK   | controller/prev_emergency_ew_i_1_n_0 |                  |                1 |              2 |         2.00 |
|  clk_div/CLK   |                                      | reset_IBUF       |                3 |              3 |         1.00 |
|  clk_div/CLK   | controller/timer[4]_i_1_n_0          | reset_IBUF       |                3 |              5 |         1.67 |
|  clk_IBUF_BUFG |                                      |                  |                5 |             20 |         4.00 |
|  clk_IBUF_BUFG |                                      | reset_IBUF       |                6 |             27 |         4.50 |
+----------------+--------------------------------------+------------------+------------------+----------------+--------------+


